<?xml version="1.0" encoding="UTF-8"?>
<robot generator="Robot 4.1.3 (Python 3.10.0 on win32)" generated="20220130 08:02:51.379" rpa="false" schemaversion="2">
<suite id="s1" name="Login" source="C:\Users\DELL XPS\Desktop\Automation\UI\TestCases\login.robot">
<test id="s1-t1" name="Valid Login">
<kw name="Open Page" library="common">
<kw name="Set Selenium Speed" library="SeleniumLibrary">
<arg>${SPEED}</arg>
<doc>Sets the delay that is waited after each Selenium command.</doc>
<status status="PASS" starttime="20220130 08:02:51.829" endtime="20220130 08:02:51.829"/>
</kw>
<kw name="Set Selenium Timeout" library="SeleniumLibrary">
<arg>${TIMEOUT}</arg>
<doc>Sets the timeout that is used by various keywords.</doc>
<status status="PASS" starttime="20220130 08:02:51.830" endtime="20220130 08:02:51.831"/>
</kw>
<kw name="Open Browser" library="SeleniumLibrary">
<arg>${URL}</arg>
<arg>${BROWSER}</arg>
<doc>Opens a new browser instance to the optional ``url``.</doc>
<msg timestamp="20220130 08:02:51.832" level="INFO">Opening browser 'chrome' to base url 'https://www.digikala.com'.</msg>
<status status="PASS" starttime="20220130 08:02:51.832" endtime="20220130 08:03:13.197"/>
</kw>
<kw name="Maximize Browser Window" library="SeleniumLibrary">
<doc>Maximizes current browser window.</doc>
<status status="PASS" starttime="20220130 08:03:13.197" endtime="20220130 08:03:14.500"/>
</kw>
<status status="PASS" starttime="20220130 08:02:51.828" endtime="20220130 08:03:14.500"/>
</kw>
<kw name="Enter Information" library="common">
<kw name="Click Element" library="SeleniumLibrary">
<arg>${ENTER BUTTON}</arg>
<doc>Click the element identified by ``locator``.</doc>
<msg timestamp="20220130 08:03:14.502" level="INFO">Clicking element 'xpath://body[1]/header[1]/div[1]/div[1]/div[2]/div[1]/div[1]/a[1]'.</msg>
<status status="PASS" starttime="20220130 08:03:14.501" endtime="20220130 08:03:17.979"/>
</kw>
<kw name="Input Text" library="SeleniumLibrary">
<arg>${USERNAME BOX}</arg>
<arg>${Username}</arg>
<doc>Types the given ``text`` into the text field identified by ``locator``.</doc>
<msg timestamp="20220130 08:03:17.980" level="INFO">Typing text 'rsh1375@gmail.com' into text field 'xpath://input[@name='login[email_phone]']'.</msg>
<status status="PASS" starttime="20220130 08:03:17.979" endtime="20220130 08:03:21.217"/>
</kw>
<kw name="Click Element" library="SeleniumLibrary">
<arg>${SUBMIT BUTTON}</arg>
<doc>Click the element identified by ``locator``.</doc>
<msg timestamp="20220130 08:03:21.217" level="INFO">Clicking element 'xpath://button[@type='submit']'.</msg>
<status status="PASS" starttime="20220130 08:03:21.217" endtime="20220130 08:03:24.178"/>
</kw>
<kw name="Input Text" library="SeleniumLibrary">
<arg>${PASSWORD BOX}</arg>
<arg>${Username}</arg>
<doc>Types the given ``text`` into the text field identified by ``locator``.</doc>
<msg timestamp="20220130 08:03:24.178" level="INFO">Typing text 'rsh1375@gmail.com' into text field 'xpath://input[@name='login[password]']'.</msg>
<status status="PASS" starttime="20220130 08:03:24.178" endtime="20220130 08:03:27.298"/>
</kw>
<kw name="Click Element" library="SeleniumLibrary">
<arg>${SUBMIT BUTTON}</arg>
<doc>Click the element identified by ``locator``.</doc>
<msg timestamp="20220130 08:03:27.298" level="INFO">Clicking element 'xpath://button[@type='submit']'.</msg>
<status status="PASS" starttime="20220130 08:03:27.298" endtime="20220130 08:03:33.330"/>
</kw>
<status status="PASS" starttime="20220130 08:03:14.501" endtime="20220130 08:03:33.330"/>
</kw>
<kw name="Show Profile" library="common">
<kw name="Click Element" library="SeleniumLibrary">
<arg>${PROFILE}</arg>
<doc>Click the element identified by ``locator``.</doc>
<msg timestamp="20220130 08:03:33.332" level="INFO">Clicking element 'xpath://body[1]/header[1]/div[1]/div[1]/div[2]/div[1]/div[1]/a[1]'.</msg>
<status status="PASS" starttime="20220130 08:03:33.330" endtime="20220130 08:03:35.427"/>
</kw>
<kw name="Wait Until Element Is Visible" library="SeleniumLibrary">
<arg>${HEADER_PROFILE}</arg>
<doc>Waits until the element ``locator`` is visible.</doc>
<status status="PASS" starttime="20220130 08:03:35.427" endtime="20220130 08:03:37.473"/>
</kw>
<kw name="Page Should Contain" library="SeleniumLibrary">
<arg>خروج</arg>
<doc>Verifies that current page contains ``text``.</doc>
<msg timestamp="20220130 08:03:39.521" level="INFO">Current page contains text 'خروج'.</msg>
<status status="PASS" starttime="20220130 08:03:37.473" endtime="20220130 08:03:39.521"/>
</kw>
<status status="PASS" starttime="20220130 08:03:33.330" endtime="20220130 08:03:39.521"/>
</kw>
<kw name="Finish TestCase" library="common">
<kw name="Close Browser" library="SeleniumLibrary">
<doc>Closes the current browser.</doc>
<status status="PASS" starttime="20220130 08:03:39.522" endtime="20220130 08:03:42.701"/>
</kw>
<status status="PASS" starttime="20220130 08:03:39.522" endtime="20220130 08:03:42.701"/>
</kw>
<tag>Login</tag>
<status status="PASS" starttime="20220130 08:02:51.827" endtime="20220130 08:03:42.701"/>
</test>
<kw name="Close Browser" library="SeleniumLibrary" type="TEARDOWN">
<doc>Closes the current browser.</doc>
<status status="PASS" starttime="20220130 08:03:42.704" endtime="20220130 08:03:42.704"/>
</kw>
<doc>A test case for verifing login functionality</doc>
<status status="PASS" starttime="20220130 08:02:51.379" endtime="20220130 08:03:42.705"/>
</suite>
<statistics>
<total>
<stat pass="1" fail="0" skip="0">All Tests</stat>
</total>
<tag>
<stat pass="1" fail="0" skip="0">Login</stat>
</tag>
<suite>
<stat pass="1" fail="0" skip="0" id="s1" name="Login">Login</stat>
</suite>
</statistics>
<errors>
</errors>
</robot>
