<?xml version="1.0" encoding="UTF-8"?>
<robot generator="Robot 4.1.3 (Python 3.10.0 on win32)" generated="20220130 16:10:25.940" rpa="false" schemaversion="2">
<suite id="s1" name="Availability" source="C:\Users\DELL XPS\Desktop\Automation\UI\TestCases\availability.robot">
<kw name="Run Keywords" library="BuiltIn" type="SETUP">
<arg>Open Page</arg>
<arg>Enter Information</arg>
<doc>Executes all the given keywords in a sequence.</doc>
<kw name="Open Page" library="common">
<kw name="Set Selenium Speed" library="SeleniumLibrary">
<arg>${SPEED}</arg>
<doc>Sets the delay that is waited after each Selenium command.</doc>
<status status="PASS" starttime="20220130 16:10:26.286" endtime="20220130 16:10:26.286"/>
</kw>
<kw name="Set Selenium Timeout" library="SeleniumLibrary">
<arg>${TIMEOUT}</arg>
<doc>Sets the timeout that is used by various keywords.</doc>
<status status="PASS" starttime="20220130 16:10:26.286" endtime="20220130 16:10:26.287"/>
</kw>
<kw name="Open Browser" library="SeleniumLibrary">
<arg>${URL}</arg>
<arg>${BROWSER}</arg>
<doc>Opens a new browser instance to the optional ``url``.</doc>
<msg timestamp="20220130 16:10:26.287" level="INFO">Opening browser 'chrome' to base url 'https://www.digikala.com'.</msg>
<status status="PASS" starttime="20220130 16:10:26.287" endtime="20220130 16:10:45.896"/>
</kw>
<kw name="Maximize Browser Window" library="SeleniumLibrary">
<doc>Maximizes current browser window.</doc>
<status status="PASS" starttime="20220130 16:10:45.896" endtime="20220130 16:10:47.161"/>
</kw>
<status status="PASS" starttime="20220130 16:10:26.286" endtime="20220130 16:10:47.161"/>
</kw>
<kw name="Enter Information" library="common">
<kw name="Click Element" library="SeleniumLibrary">
<arg>${ENTER BUTTON}</arg>
<doc>Click the element identified by ``locator``.</doc>
<msg timestamp="20220130 16:10:47.162" level="INFO">Clicking element 'xpath://body[1]/header[1]/div[1]/div[1]/div[2]/div[1]/div[1]/a[1]'.</msg>
<status status="PASS" starttime="20220130 16:10:47.162" endtime="20220130 16:10:50.491"/>
</kw>
<kw name="Input Text" library="SeleniumLibrary">
<arg>${USERNAME BOX}</arg>
<arg>${Username}</arg>
<doc>Types the given ``text`` into the text field identified by ``locator``.</doc>
<msg timestamp="20220130 16:10:50.491" level="INFO">Typing text 'rsh1375@gmail.com' into text field 'xpath://input[@name='login[email_phone]']'.</msg>
<status status="PASS" starttime="20220130 16:10:50.491" endtime="20220130 16:10:53.640"/>
</kw>
<kw name="Click Element" library="SeleniumLibrary">
<arg>${SUBMIT BUTTON}</arg>
<doc>Click the element identified by ``locator``.</doc>
<msg timestamp="20220130 16:10:53.641" level="INFO">Clicking element 'xpath://button[@type='submit']'.</msg>
<status status="PASS" starttime="20220130 16:10:53.640" endtime="20220130 16:10:56.609"/>
</kw>
<kw name="Input Text" library="SeleniumLibrary">
<arg>${PASSWORD BOX}</arg>
<arg>${Username}</arg>
<doc>Types the given ``text`` into the text field identified by ``locator``.</doc>
<msg timestamp="20220130 16:10:56.609" level="INFO">Typing text 'rsh1375@gmail.com' into text field 'xpath://input[@name='login[password]']'.</msg>
<status status="PASS" starttime="20220130 16:10:56.609" endtime="20220130 16:10:59.728"/>
</kw>
<kw name="Click Element" library="SeleniumLibrary">
<arg>${SUBMIT BUTTON}</arg>
<doc>Click the element identified by ``locator``.</doc>
<msg timestamp="20220130 16:10:59.729" level="INFO">Clicking element 'xpath://button[@type='submit']'.</msg>
<status status="PASS" starttime="20220130 16:10:59.728" endtime="20220130 16:11:05.856"/>
</kw>
<status status="PASS" starttime="20220130 16:10:47.161" endtime="20220130 16:11:05.856"/>
</kw>
<status status="PASS" starttime="20220130 16:10:26.285" endtime="20220130 16:11:05.856"/>
</kw>
<test id="s1-t1" name="Check The Availability">
<kw name="Choose Product" library="checkingresource">
<kw name="Mouse Over" library="SeleniumLibrary">
<arg>${CATEGORIES}</arg>
<doc>Simulates hovering the mouse over the element ``locator``.</doc>
<msg timestamp="20220130 16:11:05.858" level="INFO">Simulating Mouse Over on element 'xpath://div[@class='c-navi-new-list__category c-navi-new-list__category--main']'.</msg>
<status status="PASS" starttime="20220130 16:11:05.858" endtime="20220130 16:11:08.155"/>
</kw>
<kw name="Click Link" library="SeleniumLibrary">
<arg>partial link:اپل</arg>
<doc>Clicks a link identified by ``locator``.</doc>
<msg timestamp="20220130 16:11:08.155" level="INFO">Clicking link 'partial link:اپل'.</msg>
<status status="PASS" starttime="20220130 16:11:08.155" endtime="20220130 16:11:22.339"/>
</kw>
<kw name="Click Link" library="SeleniumLibrary">
<arg>${SORT BY}</arg>
<doc>Clicks a link identified by ``locator``.</doc>
<msg timestamp="20220130 16:11:22.339" level="INFO">Clicking link 'xpath://a[text()='پرفروش‌ترین‌']'.</msg>
<status status="PASS" starttime="20220130 16:11:22.339" endtime="20220130 16:11:25.659"/>
</kw>
<kw name="Run Keyword And Ignore Error" library="BuiltIn">
<arg>Scroll Element Into View</arg>
<arg>${BUTTON}</arg>
<doc>Runs the given keyword with the given arguments and ignores possible error.</doc>
<kw name="Scroll Element Into View" library="SeleniumLibrary">
<arg>${BUTTON}</arg>
<doc>Scrolls the element identified by ``locator`` into view.</doc>
<kw name="Capture Page Screenshot" library="SeleniumLibrary">
<doc>Takes a screenshot of the current page and embeds it into a log file.</doc>
<msg timestamp="20220130 16:11:28.316" level="INFO" html="true">&lt;/td&gt;&lt;/tr&gt;&lt;tr&gt;&lt;td colspan="3"&gt;&lt;a href="selenium-screenshot-1.png"&gt;&lt;img src="selenium-screenshot-1.png" width="800px"&gt;&lt;/a&gt;</msg>
<status status="PASS" starttime="20220130 16:11:26.685" endtime="20220130 16:11:28.316"/>
</kw>
<msg timestamp="20220130 16:11:28.320" level="FAIL">MoveTargetOutOfBoundsException: Message: move target out of bounds
  (Session info: chrome=97.0.4692.99)
Stacktrace:
Backtrace:
	Ordinal0 [0x0100FDC3+2555331]
	Ordinal0 [0x00FA77F1+2127857]
	Ordinal0 [0x00EA2CD0+1060048]
	Ordinal0 [0x00EFECE6+1436902]
	Ordinal0 [0x00EE7B0C+1342220]
	Ordinal0 [0x00EF75FA+1406458]
	Ordinal0 [0x00EE7976+1341814]
	Ordinal0 [0x00EC36B6+1193654]
	Ordinal0 [0x00EC4546+1197382]
	GetHandleVerifier [0x011A9622+1619522]
	GetHandleVerifier [0x0125882C+2336844]
	GetHandleVerifier [0x010A23E1+541697]
	GetHandleVerifier [0x010A1443+537699]
	Ordinal0 [0x00FAD18E+2150798]
	Ordinal0 [0x00FB1518+2168088]
	Ordinal0 [0x00FB1660+2168416]
	Ordinal0 [0x00FBB330+2208560]
	BaseThreadInitThunk [0x75ECFA29+25]
	RtlGetAppContainerNamedObjectPath [0x77447A9E+286]
	RtlGetAppContainerNamedObjectPath [0x77447A6E+238]
</msg>
<status status="FAIL" starttime="20220130 16:11:25.659" endtime="20220130 16:11:28.320"/>
</kw>
<status status="PASS" starttime="20220130 16:11:25.659" endtime="20220130 16:11:28.320"/>
</kw>
<kw name="Wait Until Element Is Visible" library="SeleniumLibrary">
<arg>${PAGE NUMBER}</arg>
<doc>Waits until the element ``locator`` is visible.</doc>
<status status="PASS" starttime="20220130 16:11:28.320" endtime="20220130 16:11:30.359"/>
</kw>
<kw name="Click Element" library="SeleniumLibrary">
<arg>${PAGE NUMBER}</arg>
<doc>Click the element identified by ``locator``.</doc>
<msg timestamp="20220130 16:11:30.359" level="INFO">Clicking element 'xpath://a[@class='c-pager__item']'.</msg>
<status status="PASS" starttime="20220130 16:11:30.359" endtime="20220130 16:11:32.642"/>
</kw>
<kw name="Run Keyword And Ignore Error" library="BuiltIn">
<arg>Scroll Element Into View</arg>
<arg>${PRODUCT}</arg>
<doc>Runs the given keyword with the given arguments and ignores possible error.</doc>
<kw name="Scroll Element Into View" library="SeleniumLibrary">
<arg>${PRODUCT}</arg>
<doc>Scrolls the element identified by ``locator`` into view.</doc>
<kw name="Capture Page Screenshot" library="SeleniumLibrary">
<doc>Takes a screenshot of the current page and embeds it into a log file.</doc>
<msg timestamp="20220130 16:11:35.253" level="INFO" html="true">&lt;/td&gt;&lt;/tr&gt;&lt;tr&gt;&lt;td colspan="3"&gt;&lt;a href="selenium-screenshot-2.png"&gt;&lt;img src="selenium-screenshot-2.png" width="800px"&gt;&lt;/a&gt;</msg>
<status status="PASS" starttime="20220130 16:11:33.695" endtime="20220130 16:11:35.253"/>
</kw>
<msg timestamp="20220130 16:11:35.254" level="FAIL">MoveTargetOutOfBoundsException: Message: move target out of bounds
  (Session info: chrome=97.0.4692.99)
Stacktrace:
Backtrace:
	Ordinal0 [0x0100FDC3+2555331]
	Ordinal0 [0x00FA77F1+2127857]
	Ordinal0 [0x00EA2CD0+1060048]
	Ordinal0 [0x00EFECE6+1436902]
	Ordinal0 [0x00EE7B0C+1342220]
	Ordinal0 [0x00EF75FA+1406458]
	Ordinal0 [0x00EE7976+1341814]
	Ordinal0 [0x00EC36B6+1193654]
	Ordinal0 [0x00EC4546+1197382]
	GetHandleVerifier [0x011A9622+1619522]
	GetHandleVerifier [0x0125882C+2336844]
	GetHandleVerifier [0x010A23E1+541697]
	GetHandleVerifier [0x010A1443+537699]
	Ordinal0 [0x00FAD18E+2150798]
	Ordinal0 [0x00FB1518+2168088]
	Ordinal0 [0x00FB1660+2168416]
	Ordinal0 [0x00FBB330+2208560]
	BaseThreadInitThunk [0x75ECFA29+25]
	RtlGetAppContainerNamedObjectPath [0x77447A9E+286]
	RtlGetAppContainerNamedObjectPath [0x77447A6E+238]
</msg>
<status status="FAIL" starttime="20220130 16:11:32.642" endtime="20220130 16:11:35.254"/>
</kw>
<status status="PASS" starttime="20220130 16:11:32.642" endtime="20220130 16:11:35.254"/>
</kw>
<kw name="Wait Until Element Is Visible" library="SeleniumLibrary">
<arg>${PRODUCT}</arg>
<doc>Waits until the element ``locator`` is visible.</doc>
<status status="PASS" starttime="20220130 16:11:35.254" endtime="20220130 16:11:37.292"/>
</kw>
<kw name="Page Should Contain" library="SeleniumLibrary">
<arg>گوشی موبایل اپل مدل Apple iPhone XS تک سیم کارت ظرفیت 512 گیگابایت</arg>
<doc>Verifies that current page contains ``text``.</doc>
<msg timestamp="20220130 16:11:39.339" level="INFO">Current page contains text 'گوشی موبایل اپل مدل Apple iPhone XS تک سیم کارت ظرفیت 512 گیگابایت'.</msg>
<status status="PASS" starttime="20220130 16:11:37.292" endtime="20220130 16:11:39.339"/>
</kw>
<kw name="Set Focus To Element" library="SeleniumLibrary">
<arg>${PRODUCT}</arg>
<doc>Sets the focus to the element identified by ``locator``.</doc>
<status status="PASS" starttime="20220130 16:11:39.339" endtime="20220130 16:11:41.361"/>
</kw>
<kw name="Click Element" library="SeleniumLibrary">
<arg>${PRODUCT}</arg>
<doc>Click the element identified by ``locator``.</doc>
<msg timestamp="20220130 16:11:41.361" level="INFO">Clicking element 'xpath://img[@alt='گوشی موبایل اپل مدل Apple iPhone XS تک سیم کارت ظرفیت 512 گیگابایت']'.</msg>
<status status="PASS" starttime="20220130 16:11:41.361" endtime="20220130 16:11:43.477"/>
</kw>
<kw name="Switch Window" library="SeleniumLibrary">
<arg>NEW</arg>
<doc>Switches to browser window matching ``locator``.</doc>
<status status="PASS" starttime="20220130 16:11:43.477" endtime="20220130 16:11:47.517"/>
</kw>
<status status="PASS" starttime="20220130 16:11:05.857" endtime="20220130 16:11:47.517"/>
</kw>
<kw name="Check Availability" library="checkingresource">
<kw name="Run Keyword And Ignore Error" library="BuiltIn">
<arg>Scroll Element Into View</arg>
<arg>${ACTION}</arg>
<doc>Runs the given keyword with the given arguments and ignores possible error.</doc>
<kw name="Scroll Element Into View" library="SeleniumLibrary">
<arg>${ACTION}</arg>
<doc>Scrolls the element identified by ``locator`` into view.</doc>
<kw name="Capture Page Screenshot" library="SeleniumLibrary">
<doc>Takes a screenshot of the current page and embeds it into a log file.</doc>
<msg timestamp="20220130 16:11:49.869" level="INFO" html="true">&lt;/td&gt;&lt;/tr&gt;&lt;tr&gt;&lt;td colspan="3"&gt;&lt;a href="selenium-screenshot-3.png"&gt;&lt;img src="selenium-screenshot-3.png" width="800px"&gt;&lt;/a&gt;</msg>
<status status="PASS" starttime="20220130 16:11:48.557" endtime="20220130 16:11:49.870"/>
</kw>
<msg timestamp="20220130 16:11:49.873" level="FAIL">MoveTargetOutOfBoundsException: Message: move target out of bounds
  (Session info: chrome=97.0.4692.99)
Stacktrace:
Backtrace:
	Ordinal0 [0x0100FDC3+2555331]
	Ordinal0 [0x00FA77F1+2127857]
	Ordinal0 [0x00EA2CD0+1060048]
	Ordinal0 [0x00EFECE6+1436902]
	Ordinal0 [0x00EE7B0C+1342220]
	Ordinal0 [0x00EF75FA+1406458]
	Ordinal0 [0x00EE7976+1341814]
	Ordinal0 [0x00EC36B6+1193654]
	Ordinal0 [0x00EC4546+1197382]
	GetHandleVerifier [0x011A9622+1619522]
	GetHandleVerifier [0x0125882C+2336844]
	GetHandleVerifier [0x010A23E1+541697]
	GetHandleVerifier [0x010A1443+537699]
	Ordinal0 [0x00FAD18E+2150798]
	Ordinal0 [0x00FB1518+2168088]
	Ordinal0 [0x00FB1660+2168416]
	Ordinal0 [0x00FBB330+2208560]
	BaseThreadInitThunk [0x75ECFA29+25]
	RtlGetAppContainerNamedObjectPath [0x77447A9E+286]
	RtlGetAppContainerNamedObjectPath [0x77447A6E+238]
</msg>
<status status="FAIL" starttime="20220130 16:11:47.519" endtime="20220130 16:11:49.873"/>
</kw>
<status status="PASS" starttime="20220130 16:11:47.518" endtime="20220130 16:11:49.873"/>
</kw>
<kw name="Wait Until Element Is Visible" library="SeleniumLibrary">
<arg>${ACTION}</arg>
<doc>Waits until the element ``locator`` is visible.</doc>
<status status="PASS" starttime="20220130 16:11:49.873" endtime="20220130 16:11:51.923"/>
</kw>
<kw name="Set Focus To Element" library="SeleniumLibrary">
<arg>${ACTION}</arg>
<doc>Sets the focus to the element identified by ``locator``.</doc>
<status status="PASS" starttime="20220130 16:11:51.923" endtime="20220130 16:11:53.957"/>
</kw>
<kw name="Click Element" library="SeleniumLibrary">
<arg>${ACTION}</arg>
<doc>Click the element identified by ``locator``.</doc>
<msg timestamp="20220130 16:11:53.957" level="INFO">Clicking element 'xpath://button[@class='o-btn o-btn--full-width o-btn--contained-red-lg c-product-stock__action js-add-to-notify-button']'.</msg>
<status status="PASS" starttime="20220130 16:11:53.957" endtime="20220130 16:11:56.140"/>
</kw>
<kw name="Set Focus To Element" library="SeleniumLibrary">
<arg>${CHECKBOX}</arg>
<doc>Sets the focus to the element identified by ``locator``.</doc>
<status status="PASS" starttime="20220130 16:11:56.140" endtime="20220130 16:11:58.180"/>
</kw>
<kw name="Click Element" library="SeleniumLibrary">
<arg>${CHECKBOX}</arg>
<doc>Click the element identified by ``locator``.</doc>
<msg timestamp="20220130 16:11:58.181" level="INFO">Clicking element 'xpath://*[@id="observed-form"]/div[5]/div/ul/li[2]/label[2]/span'.</msg>
<status status="PASS" starttime="20220130 16:11:58.180" endtime="20220130 16:12:00.269"/>
</kw>
<kw name="Click Element" library="SeleniumLibrary">
<arg>${COMFIRM}</arg>
<doc>Click the element identified by ``locator``.</doc>
<msg timestamp="20220130 16:12:00.270" level="INFO">Clicking element 'xpath://button[@id='add-to-observed']'.</msg>
<status status="PASS" starttime="20220130 16:12:00.269" endtime="20220130 16:12:02.358"/>
</kw>
<status status="PASS" starttime="20220130 16:11:47.518" endtime="20220130 16:12:02.358"/>
</kw>
<tag>checking</tag>
<status status="PASS" starttime="20220130 16:11:05.856" endtime="20220130 16:12:02.359"/>
</test>
<kw name="Finish TestCase" library="common" type="TEARDOWN">
<kw name="Close Browser" library="SeleniumLibrary">
<doc>Closes the current browser.</doc>
<status status="PASS" starttime="20220130 16:12:02.362" endtime="20220130 16:12:05.648"/>
</kw>
<status status="PASS" starttime="20220130 16:12:02.361" endtime="20220130 16:12:05.648"/>
</kw>
<doc>This test case checks the availability of a product</doc>
<status status="PASS" starttime="20220130 16:10:25.942" endtime="20220130 16:12:05.648"/>
</suite>
<statistics>
<total>
<stat pass="1" fail="0" skip="0">All Tests</stat>
</total>
<tag>
<stat pass="1" fail="0" skip="0">checking</stat>
</tag>
<suite>
<stat pass="1" fail="0" skip="0" id="s1" name="Availability">Availability</stat>
</suite>
</statistics>
<errors>
</errors>
</robot>
